[2024-09-07T02:59:14.759+0000] {local_task_job_runner.py:120} INFO - ::group::Pre task execution logs
[2024-09-07T02:59:14.773+0000] {taskinstance.py:2076} INFO - Dependencies all met for dep_context=non-requeueable deps ti=<TaskInstance: elt_reddit_pipeline.reddit_extraction manual__2024-09-07T02:59:14.287385+00:00 [queued]>
[2024-09-07T02:59:14.778+0000] {taskinstance.py:2076} INFO - Dependencies all met for dep_context=requeueable deps ti=<TaskInstance: elt_reddit_pipeline.reddit_extraction manual__2024-09-07T02:59:14.287385+00:00 [queued]>
[2024-09-07T02:59:14.779+0000] {taskinstance.py:2306} INFO - Starting attempt 1 of 1
[2024-09-07T02:59:14.785+0000] {taskinstance.py:2330} INFO - Executing <Task(PythonOperator): reddit_extraction> on 2024-09-07 02:59:14.287385+00:00
[2024-09-07T02:59:14.788+0000] {standard_task_runner.py:64} INFO - Started process 51 to run task
[2024-09-07T02:59:14.791+0000] {standard_task_runner.py:90} INFO - Running: ['airflow', 'tasks', 'run', 'elt_reddit_pipeline', 'reddit_extraction', 'manual__2024-09-07T02:59:14.287385+00:00', '--job-id', '4', '--raw', '--subdir', 'DAGS_FOLDER/reddit_dag.py', '--cfg-path', '/tmp/tmpvzcykmjx']
[2024-09-07T02:59:14.791+0000] {standard_task_runner.py:91} INFO - Job 4: Subtask reddit_extraction
[2024-09-07T02:59:14.820+0000] {task_command.py:426} INFO - Running <TaskInstance: elt_reddit_pipeline.reddit_extraction manual__2024-09-07T02:59:14.287385+00:00 [running]> on host 560ae0bca213
[2024-09-07T02:59:14.869+0000] {taskinstance.py:2648} INFO - Exporting env vars: AIRFLOW_CTX_DAG_OWNER='Brendan Wallace Nash' AIRFLOW_CTX_DAG_ID='elt_reddit_pipeline' AIRFLOW_CTX_TASK_ID='reddit_extraction' AIRFLOW_CTX_EXECUTION_DATE='2024-09-07T02:59:14.287385+00:00' AIRFLOW_CTX_TRY_NUMBER='1' AIRFLOW_CTX_DAG_RUN_ID='manual__2024-09-07T02:59:14.287385+00:00'
[2024-09-07T02:59:14.870+0000] {taskinstance.py:430} INFO - ::endgroup::
[2024-09-07T02:59:14.877+0000] {logging_mixin.py:188} INFO - connected to reddit
[2024-09-07T02:59:16.143+0000] {taskinstance.py:441} INFO - ::group::Post task execution logs
[2024-09-07T02:59:16.145+0000] {taskinstance.py:2905} ERROR - Task failed with exception
Traceback (most recent call last):
  File "/home/airflow/.local/lib/python3.9/site-packages/airflow/models/taskinstance.py", line 465, in _execute_task
    result = _execute_callable(context=context, **execute_callable_kwargs)
  File "/home/airflow/.local/lib/python3.9/site-packages/airflow/models/taskinstance.py", line 432, in _execute_callable
    return execute_callable(context=context, **execute_callable_kwargs)
  File "/home/airflow/.local/lib/python3.9/site-packages/airflow/models/baseoperator.py", line 401, in wrapper
    return func(self, *args, **kwargs)
  File "/home/airflow/.local/lib/python3.9/site-packages/airflow/operators/python.py", line 235, in execute
    return_value = self.execute_callable()
  File "/home/airflow/.local/lib/python3.9/site-packages/airflow/operators/python.py", line 252, in execute_callable
    return self.python_callable(*self.op_args, **self.op_kwargs)
  File "/opt/airflow/pipelines/reddit_pipeline.py", line 7, in reddit_pipeline
    posts = extract_posts(instance, subreddit, time_filter, limit)
  File "/opt/airflow/etls/reddit_etl.py", line 26, in extract_posts
    post = {key: post_dict[key] for key in POST_FIELD}
NameError: name 'POST_FIELD' is not defined
[2024-09-07T02:59:16.162+0000] {taskinstance.py:1206} INFO - Marking task as FAILED. dag_id=elt_reddit_pipeline, task_id=reddit_extraction, run_id=manual__2024-09-07T02:59:14.287385+00:00, execution_date=20240907T025914, start_date=20240907T025914, end_date=20240907T025916
[2024-09-07T02:59:16.173+0000] {standard_task_runner.py:110} ERROR - Failed to execute job 4 for task reddit_extraction (name 'POST_FIELD' is not defined; 51)
[2024-09-07T02:59:16.206+0000] {local_task_job_runner.py:243} INFO - Task exited with return code 1
[2024-09-07T02:59:16.221+0000] {taskinstance.py:3503} INFO - 0 downstream tasks scheduled from follow-on schedule check
[2024-09-07T02:59:16.223+0000] {local_task_job_runner.py:222} INFO - ::endgroup::
