[2024-09-07T03:28:02.937+0000] {local_task_job_runner.py:120} INFO - ::group::Pre task execution logs
[2024-09-07T03:28:02.950+0000] {taskinstance.py:2076} INFO - Dependencies all met for dep_context=non-requeueable deps ti=<TaskInstance: elt_reddit_pipeline.reddit_extraction manual__2024-09-07T03:28:02.420211+00:00 [queued]>
[2024-09-07T03:28:02.955+0000] {taskinstance.py:2076} INFO - Dependencies all met for dep_context=requeueable deps ti=<TaskInstance: elt_reddit_pipeline.reddit_extraction manual__2024-09-07T03:28:02.420211+00:00 [queued]>
[2024-09-07T03:28:02.956+0000] {taskinstance.py:2306} INFO - Starting attempt 1 of 1
[2024-09-07T03:28:02.962+0000] {taskinstance.py:2330} INFO - Executing <Task(PythonOperator): reddit_extraction> on 2024-09-07 03:28:02.420211+00:00
[2024-09-07T03:28:02.966+0000] {standard_task_runner.py:64} INFO - Started process 62 to run task
[2024-09-07T03:28:02.969+0000] {standard_task_runner.py:90} INFO - Running: ['airflow', 'tasks', 'run', 'elt_reddit_pipeline', 'reddit_extraction', 'manual__2024-09-07T03:28:02.420211+00:00', '--job-id', '8', '--raw', '--subdir', 'DAGS_FOLDER/reddit_dag.py', '--cfg-path', '/tmp/tmphsd4jqr_']
[2024-09-07T03:28:02.970+0000] {standard_task_runner.py:91} INFO - Job 8: Subtask reddit_extraction
[2024-09-07T03:28:03.002+0000] {task_command.py:426} INFO - Running <TaskInstance: elt_reddit_pipeline.reddit_extraction manual__2024-09-07T03:28:02.420211+00:00 [running]> on host 560ae0bca213
[2024-09-07T03:28:03.047+0000] {taskinstance.py:2648} INFO - Exporting env vars: AIRFLOW_CTX_DAG_OWNER='Brendan Wallace Nash' AIRFLOW_CTX_DAG_ID='elt_reddit_pipeline' AIRFLOW_CTX_TASK_ID='reddit_extraction' AIRFLOW_CTX_EXECUTION_DATE='2024-09-07T03:28:02.420211+00:00' AIRFLOW_CTX_TRY_NUMBER='1' AIRFLOW_CTX_DAG_RUN_ID='manual__2024-09-07T03:28:02.420211+00:00'
[2024-09-07T03:28:03.048+0000] {taskinstance.py:430} INFO - ::endgroup::
[2024-09-07T03:28:03.077+0000] {logging_mixin.py:188} INFO - connected to reddit
[2024-09-07T03:28:04.255+0000] {taskinstance.py:441} INFO - ::group::Post task execution logs
[2024-09-07T03:28:04.258+0000] {taskinstance.py:2905} ERROR - Task failed with exception
Traceback (most recent call last):
  File "/home/airflow/.local/lib/python3.9/site-packages/airflow/models/taskinstance.py", line 465, in _execute_task
    result = _execute_callable(context=context, **execute_callable_kwargs)
  File "/home/airflow/.local/lib/python3.9/site-packages/airflow/models/taskinstance.py", line 432, in _execute_callable
    return execute_callable(context=context, **execute_callable_kwargs)
  File "/home/airflow/.local/lib/python3.9/site-packages/airflow/models/baseoperator.py", line 401, in wrapper
    return func(self, *args, **kwargs)
  File "/home/airflow/.local/lib/python3.9/site-packages/airflow/operators/python.py", line 235, in execute
    return_value = self.execute_callable()
  File "/home/airflow/.local/lib/python3.9/site-packages/airflow/operators/python.py", line 252, in execute_callable
    return self.python_callable(*self.op_args, **self.op_kwargs)
  File "/opt/airflow/pipelines/reddit_pipeline.py", line 9, in reddit_pipeline
    posts = extract_posts(instance, subreddit, time_filter, limit)
  File "/opt/airflow/etls/reddit_etl.py", line 30, in extract_posts
    post = {key: post_dict[key] for key in POST_FIELDS}
  File "/opt/airflow/etls/reddit_etl.py", line 30, in <dictcomp>
    post = {key: post_dict[key] for key in POST_FIELDS}
KeyError: 'nun_comments'
[2024-09-07T03:28:04.277+0000] {taskinstance.py:1206} INFO - Marking task as FAILED. dag_id=elt_reddit_pipeline, task_id=reddit_extraction, run_id=manual__2024-09-07T03:28:02.420211+00:00, execution_date=20240907T032802, start_date=20240907T032802, end_date=20240907T032804
[2024-09-07T03:28:04.290+0000] {standard_task_runner.py:110} ERROR - Failed to execute job 8 for task reddit_extraction ('nun_comments'; 62)
[2024-09-07T03:28:04.308+0000] {local_task_job_runner.py:243} INFO - Task exited with return code 1
[2024-09-07T03:28:04.323+0000] {taskinstance.py:3503} INFO - 0 downstream tasks scheduled from follow-on schedule check
[2024-09-07T03:28:04.324+0000] {local_task_job_runner.py:222} INFO - ::endgroup::
