[2024-09-05T02:06:09.154+0000] {processor.py:161} INFO - Started process (PID=225) to work on /opt/airflow/dags/reddit_dag.py
[2024-09-05T02:06:09.156+0000] {processor.py:830} INFO - Processing file /opt/airflow/dags/reddit_dag.py for tasks to queue
[2024-09-05T02:06:09.159+0000] {logging_mixin.py:188} INFO - [2024-09-05T02:06:09.159+0000] {dagbag.py:545} INFO - Filling up the DagBag from /opt/airflow/dags/reddit_dag.py
[2024-09-05T02:06:09.203+0000] {processor.py:840} INFO - DAG(s) 'elt_reddit_pipeline' retrieved from /opt/airflow/dags/reddit_dag.py
[2024-09-05T02:06:09.221+0000] {logging_mixin.py:188} INFO - [2024-09-05T02:06:09.221+0000] {dag.py:3089} INFO - Sync 1 DAGs
[2024-09-05T02:06:09.237+0000] {logging_mixin.py:188} INFO - [2024-09-05T02:06:09.237+0000] {dag.py:3947} INFO - Setting next_dagrun for elt_reddit_pipeline to 2024-09-05 00:00:00+00:00, run_after=2024-09-06 00:00:00+00:00
[2024-09-05T02:06:09.251+0000] {processor.py:183} INFO - Processing /opt/airflow/dags/reddit_dag.py took 0.104 seconds
[2024-09-05T04:07:44.824+0000] {processor.py:161} INFO - Started process (PID=226) to work on /opt/airflow/dags/reddit_dag.py
[2024-09-05T04:07:44.825+0000] {processor.py:830} INFO - Processing file /opt/airflow/dags/reddit_dag.py for tasks to queue
[2024-09-05T04:07:44.826+0000] {logging_mixin.py:188} INFO - [2024-09-05T04:07:44.826+0000] {dagbag.py:545} INFO - Filling up the DagBag from /opt/airflow/dags/reddit_dag.py
[2024-09-05T04:07:44.860+0000] {processor.py:840} INFO - DAG(s) 'elt_reddit_pipeline' retrieved from /opt/airflow/dags/reddit_dag.py
[2024-09-05T04:07:44.873+0000] {logging_mixin.py:188} INFO - [2024-09-05T04:07:44.872+0000] {dag.py:3089} INFO - Sync 1 DAGs
[2024-09-05T04:07:44.887+0000] {logging_mixin.py:188} INFO - [2024-09-05T04:07:44.887+0000] {dag.py:3947} INFO - Setting next_dagrun for elt_reddit_pipeline to 2024-09-05 00:00:00+00:00, run_after=2024-09-06 00:00:00+00:00
[2024-09-05T04:07:44.898+0000] {processor.py:183} INFO - Processing /opt/airflow/dags/reddit_dag.py took 0.078 seconds
[2024-09-05T04:20:32.302+0000] {processor.py:161} INFO - Started process (PID=227) to work on /opt/airflow/dags/reddit_dag.py
[2024-09-05T04:20:32.303+0000] {processor.py:830} INFO - Processing file /opt/airflow/dags/reddit_dag.py for tasks to queue
[2024-09-05T04:20:32.305+0000] {logging_mixin.py:188} INFO - [2024-09-05T04:20:32.305+0000] {dagbag.py:545} INFO - Filling up the DagBag from /opt/airflow/dags/reddit_dag.py
[2024-09-05T04:20:32.341+0000] {processor.py:840} INFO - DAG(s) 'elt_reddit_pipeline' retrieved from /opt/airflow/dags/reddit_dag.py
[2024-09-05T04:20:32.353+0000] {logging_mixin.py:188} INFO - [2024-09-05T04:20:32.352+0000] {dag.py:3089} INFO - Sync 1 DAGs
[2024-09-05T04:20:32.367+0000] {logging_mixin.py:188} INFO - [2024-09-05T04:20:32.367+0000] {dag.py:3947} INFO - Setting next_dagrun for elt_reddit_pipeline to 2024-09-05 00:00:00+00:00, run_after=2024-09-06 00:00:00+00:00
[2024-09-05T04:20:32.378+0000] {processor.py:183} INFO - Processing /opt/airflow/dags/reddit_dag.py took 0.083 seconds
[2024-09-05T05:08:25.484+0000] {processor.py:161} INFO - Started process (PID=228) to work on /opt/airflow/dags/reddit_dag.py
[2024-09-05T05:08:25.485+0000] {processor.py:830} INFO - Processing file /opt/airflow/dags/reddit_dag.py for tasks to queue
[2024-09-05T05:08:25.486+0000] {logging_mixin.py:188} INFO - [2024-09-05T05:08:25.486+0000] {dagbag.py:545} INFO - Filling up the DagBag from /opt/airflow/dags/reddit_dag.py
[2024-09-05T05:08:25.519+0000] {processor.py:840} INFO - DAG(s) 'elt_reddit_pipeline' retrieved from /opt/airflow/dags/reddit_dag.py
[2024-09-05T05:08:25.531+0000] {logging_mixin.py:188} INFO - [2024-09-05T05:08:25.531+0000] {dag.py:3089} INFO - Sync 1 DAGs
[2024-09-05T05:08:25.544+0000] {logging_mixin.py:188} INFO - [2024-09-05T05:08:25.544+0000] {dag.py:3947} INFO - Setting next_dagrun for elt_reddit_pipeline to 2024-09-05 00:00:00+00:00, run_after=2024-09-06 00:00:00+00:00
[2024-09-05T05:08:25.554+0000] {processor.py:183} INFO - Processing /opt/airflow/dags/reddit_dag.py took 0.076 seconds
[2024-09-05T07:21:18.377+0000] {processor.py:161} INFO - Started process (PID=229) to work on /opt/airflow/dags/reddit_dag.py
[2024-09-05T07:21:18.378+0000] {processor.py:830} INFO - Processing file /opt/airflow/dags/reddit_dag.py for tasks to queue
[2024-09-05T07:21:18.380+0000] {logging_mixin.py:188} INFO - [2024-09-05T07:21:18.380+0000] {dagbag.py:545} INFO - Filling up the DagBag from /opt/airflow/dags/reddit_dag.py
[2024-09-05T07:21:18.414+0000] {processor.py:840} INFO - DAG(s) 'elt_reddit_pipeline' retrieved from /opt/airflow/dags/reddit_dag.py
[2024-09-05T07:21:18.427+0000] {logging_mixin.py:188} INFO - [2024-09-05T07:21:18.426+0000] {dag.py:3089} INFO - Sync 1 DAGs
[2024-09-05T07:21:18.440+0000] {logging_mixin.py:188} INFO - [2024-09-05T07:21:18.440+0000] {dag.py:3947} INFO - Setting next_dagrun for elt_reddit_pipeline to 2024-09-05 00:00:00+00:00, run_after=2024-09-06 00:00:00+00:00
[2024-09-05T07:21:18.451+0000] {processor.py:183} INFO - Processing /opt/airflow/dags/reddit_dag.py took 0.080 seconds
[2024-09-05T07:52:21.456+0000] {processor.py:161} INFO - Started process (PID=230) to work on /opt/airflow/dags/reddit_dag.py
[2024-09-05T07:52:21.457+0000] {processor.py:830} INFO - Processing file /opt/airflow/dags/reddit_dag.py for tasks to queue
[2024-09-05T07:52:21.459+0000] {logging_mixin.py:188} INFO - [2024-09-05T07:52:21.459+0000] {dagbag.py:545} INFO - Filling up the DagBag from /opt/airflow/dags/reddit_dag.py
[2024-09-05T07:52:21.495+0000] {processor.py:840} INFO - DAG(s) 'elt_reddit_pipeline' retrieved from /opt/airflow/dags/reddit_dag.py
[2024-09-05T07:52:21.507+0000] {logging_mixin.py:188} INFO - [2024-09-05T07:52:21.507+0000] {dag.py:3089} INFO - Sync 1 DAGs
[2024-09-05T07:52:21.521+0000] {logging_mixin.py:188} INFO - [2024-09-05T07:52:21.521+0000] {dag.py:3947} INFO - Setting next_dagrun for elt_reddit_pipeline to 2024-09-05 00:00:00+00:00, run_after=2024-09-06 00:00:00+00:00
[2024-09-05T07:52:21.532+0000] {processor.py:183} INFO - Processing /opt/airflow/dags/reddit_dag.py took 0.082 seconds
[2024-09-05T07:58:23.603+0000] {processor.py:161} INFO - Started process (PID=231) to work on /opt/airflow/dags/reddit_dag.py
[2024-09-05T07:58:23.604+0000] {processor.py:830} INFO - Processing file /opt/airflow/dags/reddit_dag.py for tasks to queue
[2024-09-05T07:58:23.606+0000] {logging_mixin.py:188} INFO - [2024-09-05T07:58:23.606+0000] {dagbag.py:545} INFO - Filling up the DagBag from /opt/airflow/dags/reddit_dag.py
[2024-09-05T07:58:23.643+0000] {processor.py:840} INFO - DAG(s) 'elt_reddit_pipeline' retrieved from /opt/airflow/dags/reddit_dag.py
[2024-09-05T07:58:23.655+0000] {logging_mixin.py:188} INFO - [2024-09-05T07:58:23.655+0000] {dag.py:3089} INFO - Sync 1 DAGs
[2024-09-05T07:58:23.669+0000] {logging_mixin.py:188} INFO - [2024-09-05T07:58:23.669+0000] {dag.py:3947} INFO - Setting next_dagrun for elt_reddit_pipeline to 2024-09-05 00:00:00+00:00, run_after=2024-09-06 00:00:00+00:00
[2024-09-05T07:58:23.680+0000] {processor.py:183} INFO - Processing /opt/airflow/dags/reddit_dag.py took 0.086 seconds
[2024-09-05T07:59:00.736+0000] {processor.py:161} INFO - Started process (PID=232) to work on /opt/airflow/dags/reddit_dag.py
[2024-09-05T07:59:00.738+0000] {processor.py:830} INFO - Processing file /opt/airflow/dags/reddit_dag.py for tasks to queue
[2024-09-05T07:59:00.740+0000] {logging_mixin.py:188} INFO - [2024-09-05T07:59:00.740+0000] {dagbag.py:545} INFO - Filling up the DagBag from /opt/airflow/dags/reddit_dag.py
[2024-09-05T07:59:00.782+0000] {processor.py:840} INFO - DAG(s) 'elt_reddit_pipeline' retrieved from /opt/airflow/dags/reddit_dag.py
[2024-09-05T07:59:00.795+0000] {logging_mixin.py:188} INFO - [2024-09-05T07:59:00.795+0000] {dag.py:3089} INFO - Sync 1 DAGs
[2024-09-05T07:59:00.812+0000] {logging_mixin.py:188} INFO - [2024-09-05T07:59:00.811+0000] {dag.py:3947} INFO - Setting next_dagrun for elt_reddit_pipeline to 2024-09-05 00:00:00+00:00, run_after=2024-09-06 00:00:00+00:00
[2024-09-05T07:59:00.825+0000] {processor.py:183} INFO - Processing /opt/airflow/dags/reddit_dag.py took 0.097 seconds
[2024-09-05T07:59:48.468+0000] {processor.py:161} INFO - Started process (PID=233) to work on /opt/airflow/dags/reddit_dag.py
[2024-09-05T07:59:48.470+0000] {processor.py:830} INFO - Processing file /opt/airflow/dags/reddit_dag.py for tasks to queue
[2024-09-05T07:59:48.472+0000] {logging_mixin.py:188} INFO - [2024-09-05T07:59:48.472+0000] {dagbag.py:545} INFO - Filling up the DagBag from /opt/airflow/dags/reddit_dag.py
[2024-09-05T07:59:48.513+0000] {processor.py:840} INFO - DAG(s) 'elt_reddit_pipeline' retrieved from /opt/airflow/dags/reddit_dag.py
[2024-09-05T07:59:48.525+0000] {logging_mixin.py:188} INFO - [2024-09-05T07:59:48.525+0000] {dag.py:3089} INFO - Sync 1 DAGs
[2024-09-05T07:59:48.539+0000] {logging_mixin.py:188} INFO - [2024-09-05T07:59:48.538+0000] {dag.py:3947} INFO - Setting next_dagrun for elt_reddit_pipeline to 2024-09-05 00:00:00+00:00, run_after=2024-09-06 00:00:00+00:00
[2024-09-05T07:59:48.550+0000] {processor.py:183} INFO - Processing /opt/airflow/dags/reddit_dag.py took 0.090 seconds
[2024-09-05T08:01:35.274+0000] {processor.py:161} INFO - Started process (PID=234) to work on /opt/airflow/dags/reddit_dag.py
[2024-09-05T08:01:35.275+0000] {processor.py:830} INFO - Processing file /opt/airflow/dags/reddit_dag.py for tasks to queue
[2024-09-05T08:01:35.278+0000] {logging_mixin.py:188} INFO - [2024-09-05T08:01:35.277+0000] {dagbag.py:545} INFO - Filling up the DagBag from /opt/airflow/dags/reddit_dag.py
[2024-09-05T08:01:35.319+0000] {processor.py:840} INFO - DAG(s) 'elt_reddit_pipeline' retrieved from /opt/airflow/dags/reddit_dag.py
[2024-09-05T08:01:35.332+0000] {logging_mixin.py:188} INFO - [2024-09-05T08:01:35.332+0000] {dag.py:3089} INFO - Sync 1 DAGs
[2024-09-05T08:01:35.346+0000] {logging_mixin.py:188} INFO - [2024-09-05T08:01:35.345+0000] {dag.py:3947} INFO - Setting next_dagrun for elt_reddit_pipeline to 2024-09-05 00:00:00+00:00, run_after=2024-09-06 00:00:00+00:00
[2024-09-05T08:01:35.357+0000] {processor.py:183} INFO - Processing /opt/airflow/dags/reddit_dag.py took 0.093 seconds
[2024-09-05T08:20:49.493+0000] {processor.py:161} INFO - Started process (PID=235) to work on /opt/airflow/dags/reddit_dag.py
[2024-09-05T08:20:49.494+0000] {processor.py:830} INFO - Processing file /opt/airflow/dags/reddit_dag.py for tasks to queue
[2024-09-05T08:20:49.497+0000] {logging_mixin.py:188} INFO - [2024-09-05T08:20:49.497+0000] {dagbag.py:545} INFO - Filling up the DagBag from /opt/airflow/dags/reddit_dag.py
[2024-09-05T08:20:49.538+0000] {processor.py:840} INFO - DAG(s) 'elt_reddit_pipeline' retrieved from /opt/airflow/dags/reddit_dag.py
[2024-09-05T08:20:49.550+0000] {logging_mixin.py:188} INFO - [2024-09-05T08:20:49.550+0000] {dag.py:3089} INFO - Sync 1 DAGs
[2024-09-05T08:20:49.565+0000] {logging_mixin.py:188} INFO - [2024-09-05T08:20:49.564+0000] {dag.py:3947} INFO - Setting next_dagrun for elt_reddit_pipeline to 2024-09-05 00:00:00+00:00, run_after=2024-09-06 00:00:00+00:00
[2024-09-05T08:20:49.576+0000] {processor.py:183} INFO - Processing /opt/airflow/dags/reddit_dag.py took 0.092 seconds
[2024-09-05T08:42:52.923+0000] {processor.py:161} INFO - Started process (PID=236) to work on /opt/airflow/dags/reddit_dag.py
[2024-09-05T08:42:52.924+0000] {processor.py:830} INFO - Processing file /opt/airflow/dags/reddit_dag.py for tasks to queue
[2024-09-05T08:42:52.926+0000] {logging_mixin.py:188} INFO - [2024-09-05T08:42:52.926+0000] {dagbag.py:545} INFO - Filling up the DagBag from /opt/airflow/dags/reddit_dag.py
[2024-09-05T08:42:52.960+0000] {processor.py:840} INFO - DAG(s) 'elt_reddit_pipeline' retrieved from /opt/airflow/dags/reddit_dag.py
[2024-09-05T08:42:52.974+0000] {logging_mixin.py:188} INFO - [2024-09-05T08:42:52.974+0000] {dag.py:3089} INFO - Sync 1 DAGs
[2024-09-05T08:42:52.990+0000] {logging_mixin.py:188} INFO - [2024-09-05T08:42:52.990+0000] {dag.py:3947} INFO - Setting next_dagrun for elt_reddit_pipeline to 2024-09-05 00:00:00+00:00, run_after=2024-09-06 00:00:00+00:00
[2024-09-05T08:42:53.003+0000] {processor.py:183} INFO - Processing /opt/airflow/dags/reddit_dag.py took 0.084 seconds
[2024-09-05T08:48:52.961+0000] {processor.py:161} INFO - Started process (PID=237) to work on /opt/airflow/dags/reddit_dag.py
[2024-09-05T08:48:52.962+0000] {processor.py:830} INFO - Processing file /opt/airflow/dags/reddit_dag.py for tasks to queue
[2024-09-05T08:48:52.963+0000] {logging_mixin.py:188} INFO - [2024-09-05T08:48:52.963+0000] {dagbag.py:545} INFO - Filling up the DagBag from /opt/airflow/dags/reddit_dag.py
[2024-09-05T08:48:52.996+0000] {processor.py:840} INFO - DAG(s) 'elt_reddit_pipeline' retrieved from /opt/airflow/dags/reddit_dag.py
[2024-09-05T08:48:53.008+0000] {logging_mixin.py:188} INFO - [2024-09-05T08:48:53.008+0000] {dag.py:3089} INFO - Sync 1 DAGs
[2024-09-05T08:48:53.022+0000] {logging_mixin.py:188} INFO - [2024-09-05T08:48:53.022+0000] {dag.py:3947} INFO - Setting next_dagrun for elt_reddit_pipeline to 2024-09-05 00:00:00+00:00, run_after=2024-09-06 00:00:00+00:00
[2024-09-05T08:48:53.033+0000] {processor.py:183} INFO - Processing /opt/airflow/dags/reddit_dag.py took 0.077 seconds
[2024-09-05T08:49:36.810+0000] {processor.py:161} INFO - Started process (PID=238) to work on /opt/airflow/dags/reddit_dag.py
[2024-09-05T08:49:36.812+0000] {processor.py:830} INFO - Processing file /opt/airflow/dags/reddit_dag.py for tasks to queue
[2024-09-05T08:49:36.814+0000] {logging_mixin.py:188} INFO - [2024-09-05T08:49:36.814+0000] {dagbag.py:545} INFO - Filling up the DagBag from /opt/airflow/dags/reddit_dag.py
[2024-09-05T08:49:36.855+0000] {processor.py:840} INFO - DAG(s) 'elt_reddit_pipeline' retrieved from /opt/airflow/dags/reddit_dag.py
[2024-09-05T08:49:36.868+0000] {logging_mixin.py:188} INFO - [2024-09-05T08:49:36.868+0000] {dag.py:3089} INFO - Sync 1 DAGs
[2024-09-05T08:49:36.882+0000] {logging_mixin.py:188} INFO - [2024-09-05T08:49:36.882+0000] {dag.py:3947} INFO - Setting next_dagrun for elt_reddit_pipeline to 2024-09-05 00:00:00+00:00, run_after=2024-09-06 00:00:00+00:00
[2024-09-05T08:49:36.893+0000] {processor.py:183} INFO - Processing /opt/airflow/dags/reddit_dag.py took 0.092 seconds
[2024-09-05T08:52:10.451+0000] {processor.py:161} INFO - Started process (PID=239) to work on /opt/airflow/dags/reddit_dag.py
[2024-09-05T08:52:10.453+0000] {processor.py:830} INFO - Processing file /opt/airflow/dags/reddit_dag.py for tasks to queue
[2024-09-05T08:52:10.455+0000] {logging_mixin.py:188} INFO - [2024-09-05T08:52:10.455+0000] {dagbag.py:545} INFO - Filling up the DagBag from /opt/airflow/dags/reddit_dag.py
[2024-09-05T08:52:10.495+0000] {processor.py:840} INFO - DAG(s) 'elt_reddit_pipeline' retrieved from /opt/airflow/dags/reddit_dag.py
[2024-09-05T08:52:10.507+0000] {logging_mixin.py:188} INFO - [2024-09-05T08:52:10.507+0000] {dag.py:3089} INFO - Sync 1 DAGs
[2024-09-05T08:52:10.520+0000] {logging_mixin.py:188} INFO - [2024-09-05T08:52:10.520+0000] {dag.py:3947} INFO - Setting next_dagrun for elt_reddit_pipeline to 2024-09-05 00:00:00+00:00, run_after=2024-09-06 00:00:00+00:00
[2024-09-05T08:52:10.531+0000] {processor.py:183} INFO - Processing /opt/airflow/dags/reddit_dag.py took 0.088 seconds
[2024-09-05T08:54:20.926+0000] {processor.py:161} INFO - Started process (PID=240) to work on /opt/airflow/dags/reddit_dag.py
[2024-09-05T08:54:20.927+0000] {processor.py:830} INFO - Processing file /opt/airflow/dags/reddit_dag.py for tasks to queue
[2024-09-05T08:54:20.930+0000] {logging_mixin.py:188} INFO - [2024-09-05T08:54:20.930+0000] {dagbag.py:545} INFO - Filling up the DagBag from /opt/airflow/dags/reddit_dag.py
[2024-09-05T08:54:20.968+0000] {processor.py:840} INFO - DAG(s) 'elt_reddit_pipeline' retrieved from /opt/airflow/dags/reddit_dag.py
[2024-09-05T08:54:20.980+0000] {logging_mixin.py:188} INFO - [2024-09-05T08:54:20.980+0000] {dag.py:3089} INFO - Sync 1 DAGs
[2024-09-05T08:54:20.994+0000] {logging_mixin.py:188} INFO - [2024-09-05T08:54:20.994+0000] {dag.py:3947} INFO - Setting next_dagrun for elt_reddit_pipeline to 2024-09-05 00:00:00+00:00, run_after=2024-09-06 00:00:00+00:00
[2024-09-05T08:54:21.004+0000] {processor.py:183} INFO - Processing /opt/airflow/dags/reddit_dag.py took 0.086 seconds
[2024-09-05T09:03:22.105+0000] {processor.py:161} INFO - Started process (PID=241) to work on /opt/airflow/dags/reddit_dag.py
[2024-09-05T09:03:22.107+0000] {processor.py:830} INFO - Processing file /opt/airflow/dags/reddit_dag.py for tasks to queue
[2024-09-05T09:03:22.109+0000] {logging_mixin.py:188} INFO - [2024-09-05T09:03:22.109+0000] {dagbag.py:545} INFO - Filling up the DagBag from /opt/airflow/dags/reddit_dag.py
[2024-09-05T09:03:22.147+0000] {processor.py:840} INFO - DAG(s) 'elt_reddit_pipeline' retrieved from /opt/airflow/dags/reddit_dag.py
[2024-09-05T09:03:22.159+0000] {logging_mixin.py:188} INFO - [2024-09-05T09:03:22.159+0000] {dag.py:3089} INFO - Sync 1 DAGs
[2024-09-05T09:03:22.173+0000] {logging_mixin.py:188} INFO - [2024-09-05T09:03:22.173+0000] {dag.py:3947} INFO - Setting next_dagrun for elt_reddit_pipeline to 2024-09-05 00:00:00+00:00, run_after=2024-09-06 00:00:00+00:00
[2024-09-05T09:03:22.185+0000] {processor.py:183} INFO - Processing /opt/airflow/dags/reddit_dag.py took 0.087 seconds
[2024-09-05T09:06:34.495+0000] {processor.py:161} INFO - Started process (PID=242) to work on /opt/airflow/dags/reddit_dag.py
[2024-09-05T09:06:34.496+0000] {processor.py:830} INFO - Processing file /opt/airflow/dags/reddit_dag.py for tasks to queue
[2024-09-05T09:06:34.498+0000] {logging_mixin.py:188} INFO - [2024-09-05T09:06:34.498+0000] {dagbag.py:545} INFO - Filling up the DagBag from /opt/airflow/dags/reddit_dag.py
[2024-09-05T09:06:34.540+0000] {processor.py:840} INFO - DAG(s) 'elt_reddit_pipeline' retrieved from /opt/airflow/dags/reddit_dag.py
[2024-09-05T09:06:34.553+0000] {logging_mixin.py:188} INFO - [2024-09-05T09:06:34.553+0000] {dag.py:3089} INFO - Sync 1 DAGs
[2024-09-05T09:06:34.569+0000] {logging_mixin.py:188} INFO - [2024-09-05T09:06:34.569+0000] {dag.py:3947} INFO - Setting next_dagrun for elt_reddit_pipeline to 2024-09-05 00:00:00+00:00, run_after=2024-09-06 00:00:00+00:00
[2024-09-05T09:06:34.582+0000] {processor.py:183} INFO - Processing /opt/airflow/dags/reddit_dag.py took 0.096 seconds
[2024-09-05T10:12:23.414+0000] {processor.py:161} INFO - Started process (PID=243) to work on /opt/airflow/dags/reddit_dag.py
[2024-09-05T10:12:23.415+0000] {processor.py:830} INFO - Processing file /opt/airflow/dags/reddit_dag.py for tasks to queue
[2024-09-05T10:12:23.417+0000] {logging_mixin.py:188} INFO - [2024-09-05T10:12:23.417+0000] {dagbag.py:545} INFO - Filling up the DagBag from /opt/airflow/dags/reddit_dag.py
[2024-09-05T10:12:23.454+0000] {processor.py:840} INFO - DAG(s) 'elt_reddit_pipeline' retrieved from /opt/airflow/dags/reddit_dag.py
[2024-09-05T10:12:23.466+0000] {logging_mixin.py:188} INFO - [2024-09-05T10:12:23.466+0000] {dag.py:3089} INFO - Sync 1 DAGs
[2024-09-05T10:12:23.481+0000] {logging_mixin.py:188} INFO - [2024-09-05T10:12:23.481+0000] {dag.py:3947} INFO - Setting next_dagrun for elt_reddit_pipeline to 2024-09-05 00:00:00+00:00, run_after=2024-09-06 00:00:00+00:00
[2024-09-05T10:12:23.492+0000] {processor.py:183} INFO - Processing /opt/airflow/dags/reddit_dag.py took 0.083 seconds
[2024-09-05T12:01:26.143+0000] {processor.py:161} INFO - Started process (PID=244) to work on /opt/airflow/dags/reddit_dag.py
[2024-09-05T12:01:26.144+0000] {processor.py:830} INFO - Processing file /opt/airflow/dags/reddit_dag.py for tasks to queue
[2024-09-05T12:01:26.146+0000] {logging_mixin.py:188} INFO - [2024-09-05T12:01:26.146+0000] {dagbag.py:545} INFO - Filling up the DagBag from /opt/airflow/dags/reddit_dag.py
[2024-09-05T12:01:26.183+0000] {processor.py:840} INFO - DAG(s) 'elt_reddit_pipeline' retrieved from /opt/airflow/dags/reddit_dag.py
[2024-09-05T12:01:26.196+0000] {logging_mixin.py:188} INFO - [2024-09-05T12:01:26.196+0000] {dag.py:3089} INFO - Sync 1 DAGs
[2024-09-05T12:01:26.209+0000] {logging_mixin.py:188} INFO - [2024-09-05T12:01:26.209+0000] {dag.py:3947} INFO - Setting next_dagrun for elt_reddit_pipeline to 2024-09-05 00:00:00+00:00, run_after=2024-09-06 00:00:00+00:00
[2024-09-05T12:01:26.221+0000] {processor.py:183} INFO - Processing /opt/airflow/dags/reddit_dag.py took 0.085 seconds
[2024-09-05T12:52:54.441+0000] {processor.py:161} INFO - Started process (PID=245) to work on /opt/airflow/dags/reddit_dag.py
[2024-09-05T12:52:54.442+0000] {processor.py:830} INFO - Processing file /opt/airflow/dags/reddit_dag.py for tasks to queue
[2024-09-05T12:52:54.444+0000] {logging_mixin.py:188} INFO - [2024-09-05T12:52:54.444+0000] {dagbag.py:545} INFO - Filling up the DagBag from /opt/airflow/dags/reddit_dag.py
[2024-09-05T12:52:54.482+0000] {processor.py:840} INFO - DAG(s) 'elt_reddit_pipeline' retrieved from /opt/airflow/dags/reddit_dag.py
[2024-09-05T12:52:54.495+0000] {logging_mixin.py:188} INFO - [2024-09-05T12:52:54.494+0000] {dag.py:3089} INFO - Sync 1 DAGs
[2024-09-05T12:52:54.508+0000] {logging_mixin.py:188} INFO - [2024-09-05T12:52:54.508+0000] {dag.py:3947} INFO - Setting next_dagrun for elt_reddit_pipeline to 2024-09-05 00:00:00+00:00, run_after=2024-09-06 00:00:00+00:00
[2024-09-05T12:52:54.519+0000] {processor.py:183} INFO - Processing /opt/airflow/dags/reddit_dag.py took 0.086 seconds
[2024-09-05T13:20:53.706+0000] {processor.py:161} INFO - Started process (PID=246) to work on /opt/airflow/dags/reddit_dag.py
[2024-09-05T13:20:53.708+0000] {processor.py:830} INFO - Processing file /opt/airflow/dags/reddit_dag.py for tasks to queue
[2024-09-05T13:20:53.710+0000] {logging_mixin.py:188} INFO - [2024-09-05T13:20:53.710+0000] {dagbag.py:545} INFO - Filling up the DagBag from /opt/airflow/dags/reddit_dag.py
[2024-09-05T13:20:53.749+0000] {processor.py:840} INFO - DAG(s) 'elt_reddit_pipeline' retrieved from /opt/airflow/dags/reddit_dag.py
[2024-09-05T13:20:53.761+0000] {logging_mixin.py:188} INFO - [2024-09-05T13:20:53.761+0000] {dag.py:3089} INFO - Sync 1 DAGs
[2024-09-05T13:20:53.775+0000] {logging_mixin.py:188} INFO - [2024-09-05T13:20:53.775+0000] {dag.py:3947} INFO - Setting next_dagrun for elt_reddit_pipeline to 2024-09-05 00:00:00+00:00, run_after=2024-09-06 00:00:00+00:00
[2024-09-05T13:20:53.788+0000] {processor.py:183} INFO - Processing /opt/airflow/dags/reddit_dag.py took 0.089 seconds
[2024-09-05T13:21:41.151+0000] {processor.py:161} INFO - Started process (PID=247) to work on /opt/airflow/dags/reddit_dag.py
[2024-09-05T13:21:41.153+0000] {processor.py:830} INFO - Processing file /opt/airflow/dags/reddit_dag.py for tasks to queue
[2024-09-05T13:21:41.155+0000] {logging_mixin.py:188} INFO - [2024-09-05T13:21:41.155+0000] {dagbag.py:545} INFO - Filling up the DagBag from /opt/airflow/dags/reddit_dag.py
[2024-09-05T13:21:41.193+0000] {processor.py:840} INFO - DAG(s) 'elt_reddit_pipeline' retrieved from /opt/airflow/dags/reddit_dag.py
[2024-09-05T13:21:41.205+0000] {logging_mixin.py:188} INFO - [2024-09-05T13:21:41.205+0000] {dag.py:3089} INFO - Sync 1 DAGs
[2024-09-05T13:21:41.219+0000] {logging_mixin.py:188} INFO - [2024-09-05T13:21:41.219+0000] {dag.py:3947} INFO - Setting next_dagrun for elt_reddit_pipeline to 2024-09-05 00:00:00+00:00, run_after=2024-09-06 00:00:00+00:00
[2024-09-05T13:21:41.230+0000] {processor.py:183} INFO - Processing /opt/airflow/dags/reddit_dag.py took 0.087 seconds
[2024-09-05T13:23:14.669+0000] {processor.py:161} INFO - Started process (PID=248) to work on /opt/airflow/dags/reddit_dag.py
[2024-09-05T13:23:14.670+0000] {processor.py:830} INFO - Processing file /opt/airflow/dags/reddit_dag.py for tasks to queue
[2024-09-05T13:23:14.673+0000] {logging_mixin.py:188} INFO - [2024-09-05T13:23:14.673+0000] {dagbag.py:545} INFO - Filling up the DagBag from /opt/airflow/dags/reddit_dag.py
[2024-09-05T13:23:14.712+0000] {processor.py:840} INFO - DAG(s) 'elt_reddit_pipeline' retrieved from /opt/airflow/dags/reddit_dag.py
[2024-09-05T13:23:14.724+0000] {logging_mixin.py:188} INFO - [2024-09-05T13:23:14.724+0000] {dag.py:3089} INFO - Sync 1 DAGs
[2024-09-05T13:23:14.739+0000] {logging_mixin.py:188} INFO - [2024-09-05T13:23:14.739+0000] {dag.py:3947} INFO - Setting next_dagrun for elt_reddit_pipeline to 2024-09-05 00:00:00+00:00, run_after=2024-09-06 00:00:00+00:00
[2024-09-05T13:23:14.750+0000] {processor.py:183} INFO - Processing /opt/airflow/dags/reddit_dag.py took 0.090 seconds
[2024-09-05T13:24:25.187+0000] {processor.py:161} INFO - Started process (PID=249) to work on /opt/airflow/dags/reddit_dag.py
[2024-09-05T13:24:25.188+0000] {processor.py:830} INFO - Processing file /opt/airflow/dags/reddit_dag.py for tasks to queue
[2024-09-05T13:24:25.191+0000] {logging_mixin.py:188} INFO - [2024-09-05T13:24:25.191+0000] {dagbag.py:545} INFO - Filling up the DagBag from /opt/airflow/dags/reddit_dag.py
[2024-09-05T13:24:25.229+0000] {processor.py:840} INFO - DAG(s) 'elt_reddit_pipeline' retrieved from /opt/airflow/dags/reddit_dag.py
[2024-09-05T13:24:25.242+0000] {logging_mixin.py:188} INFO - [2024-09-05T13:24:25.242+0000] {dag.py:3089} INFO - Sync 1 DAGs
[2024-09-05T13:24:25.256+0000] {logging_mixin.py:188} INFO - [2024-09-05T13:24:25.255+0000] {dag.py:3947} INFO - Setting next_dagrun for elt_reddit_pipeline to 2024-09-05 00:00:00+00:00, run_after=2024-09-06 00:00:00+00:00
[2024-09-05T13:24:25.265+0000] {processor.py:183} INFO - Processing /opt/airflow/dags/reddit_dag.py took 0.086 seconds
[2024-09-05T15:17:21.433+0000] {processor.py:161} INFO - Started process (PID=250) to work on /opt/airflow/dags/reddit_dag.py
[2024-09-05T15:17:21.435+0000] {processor.py:830} INFO - Processing file /opt/airflow/dags/reddit_dag.py for tasks to queue
[2024-09-05T15:17:21.438+0000] {logging_mixin.py:188} INFO - [2024-09-05T15:17:21.437+0000] {dagbag.py:545} INFO - Filling up the DagBag from /opt/airflow/dags/reddit_dag.py
[2024-09-05T15:17:21.477+0000] {processor.py:840} INFO - DAG(s) 'elt_reddit_pipeline' retrieved from /opt/airflow/dags/reddit_dag.py
[2024-09-05T15:17:21.488+0000] {logging_mixin.py:188} INFO - [2024-09-05T15:17:21.488+0000] {dag.py:3089} INFO - Sync 1 DAGs
[2024-09-05T15:17:21.502+0000] {logging_mixin.py:188} INFO - [2024-09-05T15:17:21.502+0000] {dag.py:3947} INFO - Setting next_dagrun for elt_reddit_pipeline to 2024-09-05 00:00:00+00:00, run_after=2024-09-06 00:00:00+00:00
[2024-09-05T15:17:21.513+0000] {processor.py:183} INFO - Processing /opt/airflow/dags/reddit_dag.py took 0.087 seconds
[2024-09-05T18:30:59.287+0000] {processor.py:161} INFO - Started process (PID=251) to work on /opt/airflow/dags/reddit_dag.py
[2024-09-05T18:30:59.289+0000] {processor.py:830} INFO - Processing file /opt/airflow/dags/reddit_dag.py for tasks to queue
[2024-09-05T18:30:59.291+0000] {logging_mixin.py:188} INFO - [2024-09-05T18:30:59.291+0000] {dagbag.py:545} INFO - Filling up the DagBag from /opt/airflow/dags/reddit_dag.py
[2024-09-05T18:30:59.328+0000] {processor.py:840} INFO - DAG(s) 'elt_reddit_pipeline' retrieved from /opt/airflow/dags/reddit_dag.py
[2024-09-05T18:30:59.340+0000] {logging_mixin.py:188} INFO - [2024-09-05T18:30:59.339+0000] {dag.py:3089} INFO - Sync 1 DAGs
[2024-09-05T18:30:59.353+0000] {logging_mixin.py:188} INFO - [2024-09-05T18:30:59.353+0000] {dag.py:3947} INFO - Setting next_dagrun for elt_reddit_pipeline to 2024-09-05 00:00:00+00:00, run_after=2024-09-06 00:00:00+00:00
[2024-09-05T18:30:59.365+0000] {processor.py:183} INFO - Processing /opt/airflow/dags/reddit_dag.py took 0.085 seconds
[2024-09-05T21:05:53.398+0000] {processor.py:161} INFO - Started process (PID=252) to work on /opt/airflow/dags/reddit_dag.py
[2024-09-05T21:05:53.399+0000] {processor.py:830} INFO - Processing file /opt/airflow/dags/reddit_dag.py for tasks to queue
[2024-09-05T21:05:53.402+0000] {logging_mixin.py:188} INFO - [2024-09-05T21:05:53.402+0000] {dagbag.py:545} INFO - Filling up the DagBag from /opt/airflow/dags/reddit_dag.py
[2024-09-05T21:05:53.441+0000] {processor.py:840} INFO - DAG(s) 'elt_reddit_pipeline' retrieved from /opt/airflow/dags/reddit_dag.py
[2024-09-05T21:05:53.454+0000] {logging_mixin.py:188} INFO - [2024-09-05T21:05:53.454+0000] {dag.py:3089} INFO - Sync 1 DAGs
[2024-09-05T21:05:53.468+0000] {logging_mixin.py:188} INFO - [2024-09-05T21:05:53.468+0000] {dag.py:3947} INFO - Setting next_dagrun for elt_reddit_pipeline to 2024-09-05 00:00:00+00:00, run_after=2024-09-06 00:00:00+00:00
[2024-09-05T21:05:53.479+0000] {processor.py:183} INFO - Processing /opt/airflow/dags/reddit_dag.py took 0.089 seconds
[2024-09-05T21:48:45.413+0000] {processor.py:161} INFO - Started process (PID=253) to work on /opt/airflow/dags/reddit_dag.py
[2024-09-05T21:48:45.415+0000] {processor.py:830} INFO - Processing file /opt/airflow/dags/reddit_dag.py for tasks to queue
[2024-09-05T21:48:45.417+0000] {logging_mixin.py:188} INFO - [2024-09-05T21:48:45.417+0000] {dagbag.py:545} INFO - Filling up the DagBag from /opt/airflow/dags/reddit_dag.py
[2024-09-05T21:48:45.455+0000] {processor.py:840} INFO - DAG(s) 'elt_reddit_pipeline' retrieved from /opt/airflow/dags/reddit_dag.py
[2024-09-05T21:48:45.468+0000] {logging_mixin.py:188} INFO - [2024-09-05T21:48:45.468+0000] {dag.py:3089} INFO - Sync 1 DAGs
[2024-09-05T21:48:45.482+0000] {logging_mixin.py:188} INFO - [2024-09-05T21:48:45.482+0000] {dag.py:3947} INFO - Setting next_dagrun for elt_reddit_pipeline to 2024-09-05 00:00:00+00:00, run_after=2024-09-06 00:00:00+00:00
[2024-09-05T21:48:45.493+0000] {processor.py:183} INFO - Processing /opt/airflow/dags/reddit_dag.py took 0.088 seconds
[2024-09-05T22:02:06.228+0000] {processor.py:161} INFO - Started process (PID=254) to work on /opt/airflow/dags/reddit_dag.py
[2024-09-05T22:02:06.229+0000] {processor.py:830} INFO - Processing file /opt/airflow/dags/reddit_dag.py for tasks to queue
[2024-09-05T22:02:06.231+0000] {logging_mixin.py:188} INFO - [2024-09-05T22:02:06.230+0000] {dagbag.py:545} INFO - Filling up the DagBag from /opt/airflow/dags/reddit_dag.py
[2024-09-05T22:02:06.265+0000] {processor.py:840} INFO - DAG(s) 'elt_reddit_pipeline' retrieved from /opt/airflow/dags/reddit_dag.py
[2024-09-05T22:02:06.278+0000] {logging_mixin.py:188} INFO - [2024-09-05T22:02:06.277+0000] {dag.py:3089} INFO - Sync 1 DAGs
[2024-09-05T22:02:06.291+0000] {logging_mixin.py:188} INFO - [2024-09-05T22:02:06.291+0000] {dag.py:3947} INFO - Setting next_dagrun for elt_reddit_pipeline to 2024-09-05 00:00:00+00:00, run_after=2024-09-06 00:00:00+00:00
[2024-09-05T22:02:06.301+0000] {processor.py:183} INFO - Processing /opt/airflow/dags/reddit_dag.py took 0.081 seconds
[2024-09-05T23:05:46.354+0000] {processor.py:161} INFO - Started process (PID=255) to work on /opt/airflow/dags/reddit_dag.py
[2024-09-05T23:05:46.355+0000] {processor.py:830} INFO - Processing file /opt/airflow/dags/reddit_dag.py for tasks to queue
[2024-09-05T23:05:46.357+0000] {logging_mixin.py:188} INFO - [2024-09-05T23:05:46.357+0000] {dagbag.py:545} INFO - Filling up the DagBag from /opt/airflow/dags/reddit_dag.py
[2024-09-05T23:05:46.391+0000] {processor.py:840} INFO - DAG(s) 'elt_reddit_pipeline' retrieved from /opt/airflow/dags/reddit_dag.py
[2024-09-05T23:05:46.404+0000] {logging_mixin.py:188} INFO - [2024-09-05T23:05:46.404+0000] {dag.py:3089} INFO - Sync 1 DAGs
[2024-09-05T23:05:46.419+0000] {logging_mixin.py:188} INFO - [2024-09-05T23:05:46.419+0000] {dag.py:3947} INFO - Setting next_dagrun for elt_reddit_pipeline to 2024-09-05 00:00:00+00:00, run_after=2024-09-06 00:00:00+00:00
[2024-09-05T23:05:46.430+0000] {processor.py:183} INFO - Processing /opt/airflow/dags/reddit_dag.py took 0.086 seconds
[2024-09-05T23:19:06.176+0000] {processor.py:161} INFO - Started process (PID=256) to work on /opt/airflow/dags/reddit_dag.py
[2024-09-05T23:19:06.177+0000] {processor.py:830} INFO - Processing file /opt/airflow/dags/reddit_dag.py for tasks to queue
[2024-09-05T23:19:06.179+0000] {logging_mixin.py:188} INFO - [2024-09-05T23:19:06.179+0000] {dagbag.py:545} INFO - Filling up the DagBag from /opt/airflow/dags/reddit_dag.py
[2024-09-05T23:19:06.222+0000] {processor.py:840} INFO - DAG(s) 'elt_reddit_pipeline' retrieved from /opt/airflow/dags/reddit_dag.py
[2024-09-05T23:19:06.235+0000] {logging_mixin.py:188} INFO - [2024-09-05T23:19:06.235+0000] {dag.py:3089} INFO - Sync 1 DAGs
[2024-09-05T23:19:06.249+0000] {logging_mixin.py:188} INFO - [2024-09-05T23:19:06.249+0000] {dag.py:3947} INFO - Setting next_dagrun for elt_reddit_pipeline to 2024-09-05 00:00:00+00:00, run_after=2024-09-06 00:00:00+00:00
[2024-09-05T23:19:06.261+0000] {processor.py:183} INFO - Processing /opt/airflow/dags/reddit_dag.py took 0.093 seconds
