[2024-07-24T11:21:43.043+0000] {manager.py:470} INFO - Processing files using up to 2 processes at a time 
[2024-07-24T11:21:43.045+0000] {manager.py:471} INFO - Process each file at most once every 30 seconds
[2024-07-24T11:21:43.046+0000] {manager.py:472} INFO - Checking for new files in /opt/airflow/dags every 300 seconds
[2024-07-24T11:21:43.046+0000] {manager.py:737} INFO - Searching for files in /opt/airflow/dags
[2024-07-24T11:21:43.049+0000] {manager.py:740} INFO - There are 0 files in /opt/airflow/dags
[2024-07-24T11:26:43.248+0000] {manager.py:737} INFO - Searching for files in /opt/airflow/dags
[2024-07-24T11:26:43.251+0000] {manager.py:740} INFO - There are 1 files in /opt/airflow/dags
[2024-07-24T11:26:46.297+0000] {manager.py:878} INFO - 
================================================================================
DAG File Processing Stats

File Path                        PID    Runtime      # DAGs    # Errors  Last Runtime    Last Run
-------------------------------  -----  ---------  --------  ----------  --------------  -------------------
/opt/airflow/dags/reddis_dag.py                           0           0  0.04s           2024-07-24T11:26:43
================================================================================
[2024-07-24T11:27:16.660+0000] {manager.py:878} INFO - 
================================================================================
DAG File Processing Stats

File Path                        PID    Runtime      # DAGs    # Errors  Last Runtime    Last Run
-------------------------------  -----  ---------  --------  ----------  --------------  -------------------
/opt/airflow/dags/reddis_dag.py                           0           0  0.06s           2024-07-24T11:27:13
================================================================================
[2024-07-24T11:27:47.061+0000] {manager.py:878} INFO - 
================================================================================
DAG File Processing Stats

File Path                        PID    Runtime      # DAGs    # Errors  Last Runtime    Last Run
-------------------------------  -----  ---------  --------  ----------  --------------  -------------------
/opt/airflow/dags/reddis_dag.py                           0           0  0.04s           2024-07-24T11:27:34
================================================================================
[2024-07-24T11:28:17.483+0000] {manager.py:878} INFO - 
================================================================================
DAG File Processing Stats

File Path                        PID    Runtime      # DAGs    # Errors  Last Runtime    Last Run
-------------------------------  -----  ---------  --------  ----------  --------------  -------------------
/opt/airflow/dags/reddis_dag.py                           0           0  0.07s           2024-07-24T11:28:05
================================================================================
[2024-07-24T11:28:47.893+0000] {manager.py:878} INFO - 
================================================================================
DAG File Processing Stats

File Path                        PID    Runtime      # DAGs    # Errors  Last Runtime    Last Run
-------------------------------  -----  ---------  --------  ----------  --------------  -------------------
/opt/airflow/dags/reddis_dag.py                           1           0  0.16s           2024-07-24T11:28:47
================================================================================
[2024-07-24T11:28:55.987+0000] {manager.py:1128} WARNING - Skipping processing of missing file: /opt/airflow/dags/reddis_dag.py
